<?xml version="1.0" encoding="UTF-8"?>
<testsuite xmlns:xsi="http://www.w3.org/2001/XMLSchema-instance" xsi:noNamespaceSchemaLocation="https://maven.apache.org/surefire/maven-surefire-plugin/xsd/surefire-test-report-3.0.xsd" version="3.0" name="tests.Tests" time="1.354" tests="5" errors="1" skipped="0" failures="0">
  <properties>
[...]
</properties>
  <testcase name="testEditarServicio" classname="tests.Tests" time="0.117">
    <system-out><![CDATA[[EL Warning]: metadata: 2023-12-06 23:01:14.045--ServerSession(1986417638)--Element [field incidentes] within entity class [class com.models.Tecnico] uses a collection type [class java.util.ArrayList] when the JPA specification only supports java.util.Collection, java.util.Set, java.util.List, or java.util.Map.  This type is supported with eager loading; using lazy loading with this collection type requires additional configuration and an IndirectContainer implementation that extends [class java.util.ArrayList] or setting the mapping to use basic indirection and the type to be ValueholderInterface.
[EL Warning]: metadata: 2023-12-06 23:01:14.051--ServerSession(1986417638)--Element [field incidentes] within entity class [class com.models.Servicio] uses a collection type [class java.util.ArrayList] when the JPA specification only supports java.util.Collection, java.util.Set, java.util.List, or java.util.Map.  This type is supported with eager loading; using lazy loading with this collection type requires additional configuration and an IndirectContainer implementation that extends [class java.util.ArrayList] or setting the mapping to use basic indirection and the type to be ValueholderInterface.
[EL Warning]: metadata: 2023-12-06 23:01:14.051--ServerSession(1986417638)--Element [field tecnicos] within entity class [class com.models.Servicio] uses a collection type [class java.util.ArrayList] when the JPA specification only supports java.util.Collection, java.util.Set, java.util.List, or java.util.Map.  This type is supported with eager loading; using lazy loading with this collection type requires additional configuration and an IndirectContainer implementation that extends [class java.util.ArrayList] or setting the mapping to use basic indirection and the type to be ValueholderInterface.
[EL Warning]: metadata: 2023-12-06 23:01:14.051--ServerSession(1986417638)--Element [field clientes] within entity class [class com.models.Servicio] uses a collection type [class java.util.ArrayList] when the JPA specification only supports java.util.Collection, java.util.Set, java.util.List, or java.util.Map.  This type is supported with eager loading; using lazy loading with this collection type requires additional configuration and an IndirectContainer implementation that extends [class java.util.ArrayList] or setting the mapping to use basic indirection and the type to be ValueholderInterface.
[EL Info]: 2023-12-06 23:01:14.18--ServerSession(1986417638)--EclipseLink, version: Eclipse Persistence Services - 2.7.12.v20230209-e5c4074ef3
[EL Warning]: metadata: 2023-12-06 23:01:14.393--ServerSession(1986417638)--Reverting the lazy setting on the OneToOne or ManyToOne attribute [incidentes] for the entity class [class com.models.Servicio] since weaving was not enabled or did not occur.
[EL Warning]: metadata: 2023-12-06 23:01:14.393--ServerSession(1986417638)--Reverting the lazy setting on the OneToOne or ManyToOne attribute [tecnicos] for the entity class [class com.models.Servicio] since weaving was not enabled or did not occur.
[EL Warning]: metadata: 2023-12-06 23:01:14.394--ServerSession(1986417638)--Reverting the lazy setting on the OneToOne or ManyToOne attribute [clientes] for the entity class [class com.models.Servicio] since weaving was not enabled or did not occur.
[EL Warning]: metadata: 2023-12-06 23:01:14.394--ServerSession(1986417638)--Reverting the lazy setting on the OneToOne or ManyToOne attribute [incidentes] for the entity class [class com.models.Tecnico] since weaving was not enabled or did not occur.
]]></system-out>
  </testcase>
  <testcase name="testCrearServicio" classname="tests.Tests" time="0.013"/>
  <testcase name="testBuscarServicio" classname="tests.Tests" time="0.015"/>
  <testcase name="testBajaServicio" classname="tests.Tests" time="0.015"/>
  <testcase name="testCrearTecnico" classname="tests.Tests" time="0.039">
    <error message="Exception [EclipseLink-4002] (Eclipse Persistence Services - 2.7.12.v20230209-e5c4074ef3): org.eclipse.persistence.exceptions.DatabaseException&#10;Internal Exception: java.sql.SQLIntegrityConstraintViolationException: Duplicate entry &apos;10664642&apos; for key &apos;PRIMARY&apos;&#10;Error Code: 1062&#10;Call: INSERT INTO tecnicos (DNI, apellido, disponibilidad, nombre, forma_notif, servicio_id) VALUES (?, ?, ?, ?, ?, ?)&#10;	bind =&gt; [6 parameters bound]&#10;Query: InsertObjectQuery(Tecnico{DNI=10664642, nombre=Juan, apellido=Perez, noti=email, dispo=true})" type="javax.persistence.RollbackException"><![CDATA[javax.persistence.RollbackException: 
Exception [EclipseLink-4002] (Eclipse Persistence Services - 2.7.12.v20230209-e5c4074ef3): org.eclipse.persistence.exceptions.DatabaseException
Internal Exception: java.sql.SQLIntegrityConstraintViolationException: Duplicate entry '10664642' for key 'PRIMARY'
Error Code: 1062
Call: INSERT INTO tecnicos (DNI, apellido, disponibilidad, nombre, forma_notif, servicio_id) VALUES (?, ?, ?, ?, ?, ?)
	bind => [6 parameters bound]
Query: InsertObjectQuery(Tecnico{DNI=10664642, nombre=Juan, apellido=Perez, noti=email, dispo=true})
	at org.eclipse.persistence.internal.jpa.transaction.EntityTransactionImpl.commit(EntityTransactionImpl.java:161)
	at com.controllers.TecnicoJpaController.create(TecnicoJpaController.java:36)
	at com.controllers.PersistenceController.crearTecnico(PersistenceController.java:65)
	at com.controllers.RRHHController.crearTecnico(RRHHController.java:13)
	at tests.Tests.testCrearTecnico(Tests.java:89)
	at java.base/java.lang.reflect.Method.invoke(Method.java:568)
	at java.base/java.util.ArrayList.forEach(ArrayList.java:1511)
	at java.base/java.util.ArrayList.forEach(ArrayList.java:1511)
Caused by: Exception [EclipseLink-4002] (Eclipse Persistence Services - 2.7.12.v20230209-e5c4074ef3): org.eclipse.persistence.exceptions.DatabaseException
Internal Exception: java.sql.SQLIntegrityConstraintViolationException: Duplicate entry '10664642' for key 'PRIMARY'
Error Code: 1062
Call: INSERT INTO tecnicos (DNI, apellido, disponibilidad, nombre, forma_notif, servicio_id) VALUES (?, ?, ?, ?, ?, ?)
	bind => [6 parameters bound]
Query: InsertObjectQuery(Tecnico{DNI=10664642, nombre=Juan, apellido=Perez, noti=email, dispo=true})
	at org.eclipse.persistence.exceptions.DatabaseException.sqlException(DatabaseException.java:333)
	at org.eclipse.persistence.internal.databaseaccess.DatabaseAccessor.executeDirectNoSelect(DatabaseAccessor.java:917)
	at org.eclipse.persistence.internal.databaseaccess.DatabaseAccessor.executeNoSelect(DatabaseAccessor.java:979)
	at org.eclipse.persistence.internal.databaseaccess.DatabaseAccessor.basicExecuteCall(DatabaseAccessor.java:640)
	at org.eclipse.persistence.internal.databaseaccess.DatabaseAccessor.executeCall(DatabaseAccessor.java:567)
	at org.eclipse.persistence.internal.sessions.AbstractSession.basicExecuteCall(AbstractSession.java:2105)
	at org.eclipse.persistence.sessions.server.ClientSession.executeCall(ClientSession.java:313)
	at org.eclipse.persistence.internal.queries.DatasourceCallQueryMechanism.executeCall(DatasourceCallQueryMechanism.java:275)
	at org.eclipse.persistence.internal.queries.DatasourceCallQueryMechanism.executeCall(DatasourceCallQueryMechanism.java:261)
	at org.eclipse.persistence.internal.queries.DatasourceCallQueryMechanism.insertObject(DatasourceCallQueryMechanism.java:428)
	at org.eclipse.persistence.internal.queries.StatementQueryMechanism.insertObject(StatementQueryMechanism.java:182)
	at org.eclipse.persistence.internal.queries.StatementQueryMechanism.insertObject(StatementQueryMechanism.java:197)
	at org.eclipse.persistence.internal.queries.DatabaseQueryMechanism.insertObjectForWrite(DatabaseQueryMechanism.java:515)
	at org.eclipse.persistence.queries.InsertObjectQuery.executeCommit(InsertObjectQuery.java:85)
	at org.eclipse.persistence.queries.InsertObjectQuery.executeCommitWithChangeSet(InsertObjectQuery.java:95)
	at org.eclipse.persistence.internal.queries.DatabaseQueryMechanism.executeWriteWithChangeSet(DatabaseQueryMechanism.java:327)
	at org.eclipse.persistence.queries.WriteObjectQuery.executeDatabaseQuery(WriteObjectQuery.java:60)
	at org.eclipse.persistence.queries.DatabaseQuery.execute(DatabaseQuery.java:913)
	at org.eclipse.persistence.queries.DatabaseQuery.executeInUnitOfWork(DatabaseQuery.java:812)
	at org.eclipse.persistence.queries.ObjectLevelModifyQuery.executeInUnitOfWorkObjectLevelModifyQuery(ObjectLevelModifyQuery.java:110)
	at org.eclipse.persistence.queries.ObjectLevelModifyQuery.executeInUnitOfWork(ObjectLevelModifyQuery.java:87)
	at org.eclipse.persistence.internal.sessions.UnitOfWorkImpl.internalExecuteQuery(UnitOfWorkImpl.java:3004)
	at org.eclipse.persistence.internal.sessions.AbstractSession.executeQuery(AbstractSession.java:1898)
	at org.eclipse.persistence.internal.sessions.AbstractSession.executeQuery(AbstractSession.java:1880)
	at org.eclipse.persistence.internal.sessions.AbstractSession.executeQuery(AbstractSession.java:1830)
	at org.eclipse.persistence.internal.sessions.CommitManager.commitNewObjectsForClassWithChangeSet(CommitManager.java:229)
	at org.eclipse.persistence.internal.sessions.CommitManager.commitAllObjectsWithChangeSet(CommitManager.java:128)
	at org.eclipse.persistence.internal.sessions.AbstractSession.writeAllObjectsWithChangeSet(AbstractSession.java:4409)
	at org.eclipse.persistence.internal.sessions.UnitOfWorkImpl.commitToDatabase(UnitOfWorkImpl.java:1503)
	at org.eclipse.persistence.internal.sessions.UnitOfWorkImpl.commitToDatabaseWithChangeSet(UnitOfWorkImpl.java:1593)
	at org.eclipse.persistence.internal.sessions.RepeatableWriteUnitOfWork.commitRootUnitOfWork(RepeatableWriteUnitOfWork.java:280)
	at org.eclipse.persistence.internal.sessions.UnitOfWorkImpl.commitAndResume(UnitOfWorkImpl.java:1230)
	at org.eclipse.persistence.internal.jpa.transaction.EntityTransactionImpl.commit(EntityTransactionImpl.java:136)
	... 7 more
Caused by: java.sql.SQLIntegrityConstraintViolationException: Duplicate entry '10664642' for key 'PRIMARY'
	at com.mysql.cj.jdbc.exceptions.SQLError.createSQLException(SQLError.java:117)
	at com.mysql.cj.jdbc.exceptions.SQLError.createSQLException(SQLError.java:97)
	at com.mysql.cj.jdbc.exceptions.SQLExceptionsMapping.translateException(SQLExceptionsMapping.java:122)
	at com.mysql.cj.jdbc.ClientPreparedStatement.executeInternal(ClientPreparedStatement.java:953)
	at com.mysql.cj.jdbc.ClientPreparedStatement.executeUpdateInternal(ClientPreparedStatement.java:1092)
	at com.mysql.cj.jdbc.ClientPreparedStatement.executeUpdateInternal(ClientPreparedStatement.java:1040)
	at com.mysql.cj.jdbc.ClientPreparedStatement.executeLargeUpdate(ClientPreparedStatement.java:1340)
	at com.mysql.cj.jdbc.ClientPreparedStatement.executeUpdate(ClientPreparedStatement.java:1025)
	at org.eclipse.persistence.internal.databaseaccess.DatabaseAccessor.executeDirectNoSelect(DatabaseAccessor.java:907)
	... 38 more
]]></error>
    <system-out><![CDATA[[EL Warning]: 2023-12-06 23:01:14.898--UnitOfWork(769877691)--Exception [EclipseLink-4002] (Eclipse Persistence Services - 2.7.12.v20230209-e5c4074ef3): org.eclipse.persistence.exceptions.DatabaseException
Internal Exception: java.sql.SQLIntegrityConstraintViolationException: Duplicate entry '10664642' for key 'PRIMARY'
Error Code: 1062
Call: INSERT INTO tecnicos (DNI, apellido, disponibilidad, nombre, forma_notif, servicio_id) VALUES (?, ?, ?, ?, ?, ?)
	bind => [6 parameters bound]
Query: InsertObjectQuery(Tecnico{DNI=10664642, nombre=Juan, apellido=Perez, noti=email, dispo=true})
]]></system-out>
  </testcase>
</testsuite>